<?xml version="1.0" encoding="UTF-8"?>
<testsuite xmlns:xsi="http://www.w3.org/2001/XMLSchema-instance" xsi:noNamespaceSchemaLocation="https://maven.apache.org/surefire/maven-surefire-plugin/xsd/surefire-test-report-3.0.xsd" version="3.0" name="TestSuite" time="3.997" tests="4" errors="0" skipped="0" failures="0">
  <properties>
[...]
</properties>
  <testcase name="verifyCreatePostAPI" classname="com.automation.tests.CreatePostTest" time="2.662">
    <system-out><![CDATA[HTTP/1.1 201 Created
Date: Sat, 14 Feb 2026 18:25:23 GMT
Content-Type: application/json; charset=utf-8
Content-Length: 112
Connection: keep-alive
access-control-allow-credentials: true
access-control-expose-headers: Location
Cache-Control: no-cache
etag: W/"70-yBwJJ1niOIPQicEpikRrhjrObCA"
expires: -1
location: https://jsonplaceholder.typicode.com/posts/101
nel: {"report_to":"heroku-nel","response_headers":["Via"],"max_age":3600,"success_fraction":0.01,"failure_fraction":0.1}
pragma: no-cache
report-to: {"group":"heroku-nel","endpoints":[{"url":"https://nel.heroku.com/reports?s=5cd1a6cZEtuHmTHxjmyzJD1PcvkWCL5bR9hdeDzsK2A%3D\u0026sid=e11707d5-02a7-43ef-b45e-2cf4d2036f7d\u0026ts=1771093523"}],"max_age":3600}
reporting-endpoints: heroku-nel="https://nel.heroku.com/reports?s=5cd1a6cZEtuHmTHxjmyzJD1PcvkWCL5bR9hdeDzsK2A%3D&sid=e11707d5-02a7-43ef-b45e-2cf4d2036f7d&ts=1771093523"
Server: cloudflare
vary: Origin, X-HTTP-Method-Override, Accept-Encoding
via: 2.0 heroku-router
x-content-type-options: nosniff
x-powered-by: Express
x-ratelimit-limit: 1000
x-ratelimit-remaining: 999
x-ratelimit-reset: 1771093576
cf-cache-status: DYNAMIC
CF-RAY: 9cde9b96cdef68a4-BOM
alt-svc: h3=":443"; ma=86400

{
    "title": "Automation Test Post",
    "body": "Learning API automation framework",
    "userId": 1,
    "id": 101
}
]]></system-out>
    <system-err><![CDATA[SLF4J: Failed to load class "org.slf4j.impl.StaticLoggerBinder".
SLF4J: Defaulting to no-operation (NOP) logger implementation
SLF4J: See http://www.slf4j.org/codes.html#StaticLoggerBinder for further details.
]]></system-err>
  </testcase>
  <testcase name="verifyGetPostsAPI_1" classname="com.automation.tests.GetPostsTest" time="0.034"/>
  <testcase name="verifyGetPostsAPI_2" classname="com.automation.tests.GetPostsTest" time="0.034"/>
  <testcase name="verifyGetPostsAPI_3" classname="com.automation.tests.GetPostsTest" time="0.146"/>
</testsuite>