<?xml version="1.0" encoding="UTF-8"?>
<!-- Generated by org.testng.reporters.JUnitXMLReporter -->
<testsuite ignored="3" hostname="codespaces-7e0b2a" failures="0" tests="4" name="Sample API Test" time="3.291" errors="0" timestamp="2026-02-14T18:25:23 UTC">
  <testcase classname="com.automation.tests.CreatePostTest" name="verifyCreatePostAPI" time="2.645"/>
  <testcase classname="com.automation.tests.GetPostsTest" name="verifyGetPostsAPI_1" time="2.719"/>
  <testcase classname="com.automation.tests.GetPostsTest" name="verifyGetPostsAPI_2" time="2.719"/>
  <testcase classname="com.automation.tests.GetPostsTest" name="verifyGetPostsAPI_3" time="0.165"/>
  <testcase classname="com.automation.tests.CreatePostTest" name="verifyInvalidEndpoint" time="0.0">
    <ignored/>
  </testcase> <!-- verifyInvalidEndpoint -->
  <testcase classname="com.automation.tests.CreatePostTest" name="verifyCreatePostWithoutAuthorization" time="0.0">
    <ignored/>
  </testcase> <!-- verifyCreatePostWithoutAuthorization -->
  <testcase classname="com.automation.tests.CreatePostTest" name="verifyCreatePostWithEmptyPayload" time="0.0">
    <ignored/>
  </testcase> <!-- verifyCreatePostWithEmptyPayload -->
</testsuite> <!-- Sample API Test -->
