<?xml version="1.0" encoding="UTF-8"?>
<!-- Generated by org.testng.reporters.JUnitReportReporter -->
<testsuite hostname="codespaces-7e0b2a" failures="0" tests="4" name="com.automation.tests.CreatePostTest" time="3.055" errors="0" timestamp="2026-02-14T18:25:23 UTC" skipped="3">
  <testcase classname="com.automation.tests.CreatePostTest" name="verifyCreatePostAPI" time="3.055"/>
  <testcase classname="com.automation.tests.CreatePostTest" name="verifyInvalidEndpoint">
    <skipped/>
  </testcase> <!-- verifyInvalidEndpoint -->
  <testcase classname="com.automation.tests.CreatePostTest" name="verifyCreatePostWithoutAuthorization">
    <skipped/>
  </testcase> <!-- verifyCreatePostWithoutAuthorization -->
  <testcase classname="com.automation.tests.CreatePostTest" name="verifyCreatePostWithEmptyPayload">
    <skipped/>
  </testcase> <!-- verifyCreatePostWithEmptyPayload -->
</testsuite> <!-- com.automation.tests.CreatePostTest -->
