<?xml version="1.0" encoding="UTF-8"?>
<!-- Generated by org.testng.reporters.JUnitReportReporter -->
<testsuite hostname="codespaces-7e0b2a" failures="0" tests="3" name="com.automation.tests.GetPostsTest" time="6.424" errors="0" timestamp="2026-02-14T18:25:23 UTC" skipped="0">
  <testcase classname="com.automation.tests.GetPostsTest" name="verifyGetPostsAPI_3" time="0.576"/>
  <testcase classname="com.automation.tests.GetPostsTest" name="verifyGetPostsAPI_2" time="2.720"/>
  <testcase classname="com.automation.tests.GetPostsTest" name="verifyGetPostsAPI_1" time="3.128"/>
</testsuite> <!-- com.automation.tests.GetPostsTest -->
